<?xml version="1.0" encoding="UTF-8"?>
<!-- Generated by org.testng.reporters.JUnitXMLReporter -->
<testsuite ignored="0" hostname="DESKTOP-VHGDQ5C" failures="0" tests="8" name="FirefoxTest" time="0.489" errors="0" timestamp="2022-05-26T00:44:15 IST">
  <testcase classname="Test123.Fb_login_test" name="@BeforeTest launchbrowser" time="0.001">
    <failure type="java.lang.NullPointerException" message="Cannot invoke &amp;quot;org.openqa.selenium.WebDriver.manage()&amp;quot; because &amp;quot;this.driver&amp;quot; is null">
      <![CDATA[java.lang.NullPointerException: Cannot invoke "org.openqa.selenium.WebDriver.manage()" because "this.driver" is null
at Test123.Fb_login_test.launchbrowser(Fb_login_test.java:42)
... Removed 24 stack frames]]>
    </failure>
  </testcase> <!-- @BeforeTest launchbrowser -->
  <testcase classname="Test123.Instagram_Login" name="@BeforeTest launchbrowser" time="-1.653506054777E9">
    <skipped/>
  </testcase> <!-- @BeforeTest launchbrowser -->
  <testcase classname="Test123.Instagram_Login" name="@BeforeClass setbrowser" time="-1.653506054791E9">
    <skipped/>
  </testcase> <!-- @BeforeClass setbrowser -->
  <testcase classname="Test123.Instagram_Login" name="@BeforeMethod launchbrowser" time="-1.65350605483E9">
    <skipped/>
  </testcase> <!-- @BeforeMethod launchbrowser -->
  <testcase classname="Test123.Instagram_Login" name="@AfterMethod login" time="-1.653506054894E9">
    <skipped/>
  </testcase> <!-- @AfterMethod login -->
  <testcase classname="Test123.Instagram_Login" name="@BeforeMethod launchbrowser" time="-1.653506054903E9">
    <skipped/>
  </testcase> <!-- @BeforeMethod launchbrowser -->
  <testcase classname="Test123.Instagram_Login" name="@AfterMethod login" time="-1.653506054915E9">
    <skipped/>
  </testcase> <!-- @AfterMethod login -->
  <testcase classname="Test123.Instagram_Login" name="@BeforeMethod launchbrowser" time="-1.653506054926E9">
    <skipped/>
  </testcase> <!-- @BeforeMethod launchbrowser -->
  <testcase classname="Test123.Instagram_Login" name="@AfterMethod login" time="-1.653506054947E9">
    <skipped/>
  </testcase> <!-- @AfterMethod login -->
  <testcase classname="Test123.Instagram_Login" name="@BeforeMethod launchbrowser" time="-1.653506054952E9">
    <skipped/>
  </testcase> <!-- @BeforeMethod launchbrowser -->
  <testcase classname="Test123.Instagram_Login" name="@AfterMethod login" time="-1.653506055025E9">
    <skipped/>
  </testcase> <!-- @AfterMethod login -->
  <testcase classname="Test123.Instagram_Login" name="@BeforeMethod launchbrowser" time="-1.653506055054E9">
    <skipped/>
  </testcase> <!-- @BeforeMethod launchbrowser -->
  <testcase classname="Test123.Instagram_Login" name="@AfterMethod login" time="-1.653506055119E9">
    <skipped/>
  </testcase> <!-- @AfterMethod login -->
  <testcase classname="Test123.Instagram_Login" name="@AfterClass end" time="-1.653506055199E9">
    <skipped/>
  </testcase> <!-- @AfterClass end -->
  <testcase classname="Test123.Fb_login_test" name="@BeforeClass setbrowser" time="-1.653506055204E9">
    <skipped/>
  </testcase> <!-- @BeforeClass setbrowser -->
  <testcase classname="Test123.Fb_login_test" name="@BeforeMethod launchbrowser" time="-1.653506055208E9">
    <skipped/>
  </testcase> <!-- @BeforeMethod launchbrowser -->
  <testcase classname="Test123.Fb_login_test" name="@AfterMethod method" time="-1.653506055217E9">
    <skipped/>
  </testcase> <!-- @AfterMethod method -->
  <testcase classname="Test123.Fb_login_test" name="@AfterClass deleteobject" time="-1.653506055226E9">
    <skipped/>
  </testcase> <!-- @AfterClass deleteobject -->
  <testcase classname="Test123.Fb_login_test" name="@AfterTest closebrowser" time="-1.653506055232E9">
    <skipped/>
  </testcase> <!-- @AfterTest closebrowser -->
  <testcase classname="Test123.Instagram_Login" name="@AfterTest delete" time="-1.653506055233E9">
    <skipped/>
  </testcase> <!-- @AfterTest delete -->
  <testcase classname="Test123.Instagram_Login" name="title" time="0.0">
    <skipped/>
  </testcase> <!-- title -->
  <testcase classname="Test123.Instagram_Login" name="title" time="0.0">
    <skipped/>
  </testcase> <!-- title -->
  <testcase classname="Test123.Instagram_Login" name="title" time="0.0">
    <skipped/>
  </testcase> <!-- title -->
  <testcase classname="Test123.Instagram_Login" name="title" time="0.0">
    <skipped/>
  </testcase> <!-- title -->
  <testcase classname="Test123.Instagram_Login" name="title" time="0.0">
    <skipped/>
  </testcase> <!-- title -->
  <testcase classname="Test123.Instagram_Login" name="verificationtest" time="0.0">
    <skipped/>
  </testcase> <!-- verificationtest -->
  <testcase classname="Test123.Fb_login_test" name="test" time="0.0">
    <skipped/>
  </testcase> <!-- test -->
  <testcase classname="Test123.Fb_login_test" name="test1" time="0.0">
    <skipped/>
  </testcase> <!-- test1 -->
</testsuite> <!-- FirefoxTest -->
